0  0  0
1  0  0
2  0  0
3  0  0
4  0  0
5  0  0
6  -0.00159203  -0.00159203
7  -0.0015861  -0.0015861
8  -0.00157838  -0.00157838
9  -0.00156894  -0.00156894
10  -0.00155784  -0.00155784
11  -0.00154515  -0.00154515
12  -0.00153094  -0.00153094
13  -0.0015153  -0.0015153
14  -0.00149832  -0.00149832
15  -0.00148008  -0.00148008
16  -0.00146068  -0.00146068
17  -0.00144022  -0.00144022
18  -0.00141878  -0.00141878
19  -0.00139647  -0.00139647
20  -0.00137338  -0.00137338
21  -0.0013496  -0.0013496
22  -0.00132523  -0.00132523
23  -0.00130036  -0.00130036
24  -0.00127506  -0.00127506
25  -0.00124943  -0.00124943
26  -0.00122354  -0.00122354
27  -0.00119746  -0.00119746
28  -0.00117126  -0.00117126
29  -0.001145  -0.001145
30  -0.00111873  -0.00111873
31  -0.00109251  -0.00109251
32  -0.00106637  -0.00106637
33  -0.00104036  -0.00104036
34  -0.00101451  -0.00101451
35  -0.000988837  -0.000988837
36  -0.000963364  -0.000963364
37  -0.000938104  -0.000938104
38  -0.000913065  -0.000913065
39  -0.000888251  -0.000888251
40  -0.000863658  -0.000863658
41  -0.000839282  -0.000839282
42  -0.00081511  -0.00081511
43  -0.000791128  -0.000791128
44  -0.000767318  -0.000767318
45  -0.000743659  -0.000743659
46  -0.000720126  -0.000720126
47  -0.000696692  -0.000696692
48  -0.000673331  -0.000673331
49  -0.00065001  -0.00065001
50  -0.000626699  -0.000626699
51  -0.000603366  -0.000603366
52  -0.000579976  -0.000579976
53  -0.000556496  -0.000556496
54  -0.000532893  -0.000532893
55  -0.000509132  -0.000509132
56  -0.00048518  -0.00048518
57  -0.000461004  -0.000461004
58  -0.000436571  -0.000436571
59  -0.000411849  -0.000411849
60  -0.000386809  -0.000386809
61  -0.000361419  -0.000361419
62  -0.000335652  -0.000335652
63  -0.000309479  -0.000309479
64  -0.000282875  -0.000282875
65  -0.000255814  -0.000255814
66  -0.000228271  -0.000228271
67  -0.000200225  -0.000200225
68  -0.000171653  -0.000171653
69  -0.000142536  -0.000142536
70  -0.000112853  -0.000112853
71  -8.25867e-05  -8.25867e-05
72  -5.17195e-05  -5.17195e-05
73  -2.02353e-05  -2.02353e-05
74  1.18815e-05  1.18815e-05
75  4.46452e-05  4.46452e-05
76  7.80697e-05  7.80697e-05
77  0.000112168  0.000112168
78  0.000146953  0.000146953
79  0.000182436  0.000182436
80  0.000218628  0.000218628
81  0.00025554  0.00025554
82  0.000293184  0.000293184
83  0.000331568  0.000331568
84  0.000370703  0.000370703
85  0.000410599  0.000410599
86  0.000451264  0.000451264
87  0.000492709  0.000492709
88  0.000534942  0.000534942
89  0.000577973  0.000577973
90  0.00062181  0.00062181
91  0.000666462  0.000666462
92  0.000711939  0.000711939
93  0.000758249  0.000758249
94  0.000805402  0.000805402
95  0.000853405  0.000853405
96  0.000902269  0.000902269
97  0.000952001  0.000952001
98  0.00100261  0.00100261
99  0.00105411  0.00105411
100  0.0011065  0.0011065
101  0.0011598  0.0011598
102  0.00121401  0.00121401
103  0.00126915  0.00126915
104  0.00132522  0.00132522
105  0.00138223  0.00138223
106  0.00144018  0.00144018
107  0.0014991  0.0014991
108  0.00155898  0.00155898
109  0.00161984  0.00161984
110  0.00168168  0.00168168
111  0.00174451  0.00174451
112  0.00180834  0.00180834
113  0.00187318  0.00187318
114  0.00193903  0.00193903
115  0.00200591  0.00200591
116  0.00207381  0.00207381
117  0.00214275  0.00214275
118  0.00221274  0.00221274
119  0.00228377  0.00228377
120  0.00235586  0.00235586
121  0.00242902  0.00242902
122  0.00250324  0.00250324
123  0.00257853  0.00257853
124  0.0026549  0.0026549
125  0.00273236  0.00273236
126  0.0028109  0.0028109
127  0.00289053  0.00289053
128  0.00297126  0.00297126
129  0.00305309  0.00305309
130  0.00313602  0.00313602
131  0.00322006  0.00322006
132  0.0033052  0.0033052
133  0.00339146  0.00339146
134  0.00347883  0.00347883
135  0.00356731  0.00356731
136  0.00365691  0.00365691
137  0.00374762  0.00374762
138  0.00383946  0.00383946
139  0.00393241  0.00393241
140  0.00402648  0.00402648
141  0.00412167  0.00412167
142  0.00421797  0.00421797
143  0.0043154  0.0043154
144  0.00441394  0.00441394
145  0.0045136  0.0045136
146  0.00461437  0.00461437
147  0.00471625  0.00471625
148  0.00481925  0.00481925
149  0.00492335  0.00492335
150  0.00502856  0.00502856
151  0.00513487  0.00513487
152  0.00524228  0.00524228
153  0.00535079  0.00535079
154  0.00546039  0.00546039
155  0.00557108  0.00557108
156  0.00568285  0.00568285
157  0.0057957  0.0057957
158  0.00590963  0.00590963
159  0.00602463  0.00602463
160  0.0061407  0.0061407
161  0.00625782  0.00625782
162  0.006376  0.006376
163  0.00649522  0.00649522
164  0.00661549  0.00661549
165  0.00673679  0.00673679
166  0.00685912  0.00685912
167  0.00698247  0.00698247
168  0.00710683  0.00710683
169  0.0072322  0.0072322
170  0.00735856  0.00735856
171  0.00748591  0.00748591
172  0.00761424  0.00761424
173  0.00774354  0.00774354
174  0.00787379  0.00787379
175  0.008005  0.008005
176  0.00813715  0.00813715
177  0.00827023  0.00827023
178  0.00840422  0.00840422
179  0.00853912  0.00853912
180  0.00867492  0.00867492
181  0.0088116  0.0088116
182  0.00894915  0.00894915
183  0.00908755  0.00908755
184  0.0092268  0.0092268
185  0.00936688  0.00936688
186  0.00950777  0.00950777
187  0.00964947  0.00964947
188  0.00979195  0.00979195
189  0.0099352  0.0099352
190  0.0100792  0.0100792
191  0.0102239  0.0102239
192  0.0103694  0.0103694
193  0.0105156  0.0105156
194  0.0106624  0.0106624
195  0.0108099  0.0108099
196  0.0109581  0.0109581
197  0.0111069  0.0111069
198  0.0112563  0.0112563
199  0.0114063  0.0114063
200  0.0115568  0.0115568
201  0.0117079  0.0117079
202  0.0118595  0.0118595
203  0.0120116  0.0120116
204  0.0121642  0.0121642
205  0.0123173  0.0123173
206  0.0124708  0.0124708
207  0.0126246  0.0126246
208  0.0127789  0.0127789
209  0.0129335  0.0129335
210  0.0130885  0.0130885
211  0.0132437  0.0132437
212  0.0133992  0.0133992
213  0.013555  0.013555
214  0.0137109  0.0137109
215  0.0138671  0.0138671
216  0.0140234  0.0140234
217  0.0141798  0.0141798
218  0.0143363  0.0143363
219  0.0144929  0.0144929
220  0.0146496  0.0146496
221  0.0148062  0.0148062
222  0.0149627  0.0149627
223  0.0151192  0.0151192
224  0.0152756  0.0152756
225  0.0154319  0.0154319
226  0.015588  0.015588
227  0.0157438  0.0157438
228  0.0158994  0.0158994
229  0.0160548  0.0160548
230  0.0162098  0.0162098
231  0.0163644  0.0163644
232  0.0165186  0.0165186
233  0.0166724  0.0166724
234  0.0168257  0.0168257
235  0.0169784  0.0169784
236  0.0171306  0.0171306
237  0.0172822  0.0172822
238  0.0174331  0.0174331
239  0.0175833  0.0175833
240  0.0177328  0.0177328
241  0.0178814  0.0178814
242  0.0180293  0.0180293
243  0.0181762  0.0181762
244  0.0183222  0.0183222
245  0.0184673  0.0184673
246  0.0186113  0.0186113
247  0.0187543  0.0187543
248  0.0188961  0.0188961
249  0.0190367  0.0190367
250  0.0191762  0.0191762
251  0.0193143  0.0193143
252  0.0194512  0.0194512
253  0.0195866  0.0195866
254  0.0197207  0.0197207
255  0.0198532  0.0198532
256  0.0199842  0.0199842
257  0.0201137  0.0201137
258  0.0202414  0.0202414
259  0.0203675  0.0203675
260  0.0204919  0.0204919
261  0.0206144  0.0206144
262  0.0207351  0.0207351
263  0.0208538  0.0208538
264  0.0209706  0.0209706
265  0.0210853  0.0210853
266  0.0211979  0.0211979
267  0.0213084  0.0213084
268  0.0214167  0.0214167
269  0.0215227  0.0215227
270  0.0216264  0.0216264
271  0.0217277  0.0217277
272  0.0218265  0.0218265
273  0.0219228  0.0219228
274  0.0220166  0.0220166
275  0.0221077  0.0221077
276  0.0221962  0.0221962
277  0.0222819  0.0222819
278  0.0223648  0.0223648
279  0.0224448  0.0224448
280  0.0225218  0.0225218
281  0.0225959  0.0225959
282  0.0226669  0.0226669
283  0.0227348  0.0227348
284  0.0227994  0.0227994
285  0.0228609  0.0228609
286  0.022919  0.022919
287  0.0229737  0.0229737
288  0.023025  0.023025
289  0.0230728  0.0230728
290  0.023117  0.023117
291  0.0231576  0.0231576
292  0.0231945  0.0231945
293  0.0232276  0.0232276
294  0.0232569  0.0232569
295  0.0232823  0.0232823
296  0.0233037  0.0233037
297  0.0233212  0.0233212
298  0.0233345  0.0233345
299  0.0233437  0.0233437
300  0.0233487  0.0233487
301  0.0233494  0.0233494
302  0.0233458  0.0233458
303  0.0233378  0.0233378
304  0.0233253  0.0233253
305  0.0233083  0.0233083
306  0.0232867  0.0232867
307  0.0232604  0.0232604
308  0.0232294  0.0232294
309  0.0231937  0.0231937
310  0.0231531  0.0231531
311  0.0231076  0.0231076
312  0.0230571  0.0230571
313  0.0230016  0.0230016
314  0.022941  0.022941
315  0.0228752  0.0228752
316  0.0228042  0.0228042
317  0.022728  0.022728
318  0.0226464  0.0226464
319  0.0225594  0.0225594
320  0.0224669  0.0224669
321  0.0223689  0.0223689
322  0.0222654  0.0222654
323  0.0221562  0.0221562
324  0.0220413  0.0220413
325  0.0219206  0.0219206
326  0.0217941  0.0217941
327  0.0216618  0.0216618
328  0.0215235  0.0215235
329  0.0213792  0.0213792
330  0.0212289  0.0212289
331  0.0210724  0.0210724
332  0.0209098  0.0209098
333  0.0207409  0.0207409
334  0.0205658  0.0205658
335  0.0203843  0.0203843
336  0.0201965  0.0201965
337  0.0200021  0.0200021
338  0.0198013  0.0198013
339  0.0195939  0.0195939
340  0.0193799  0.0193799
341  0.0191592  0.0191592
342  0.0189318  0.0189318
343  0.0186976  0.0186976
344  0.0184566  0.0184566
345  0.0182086  0.0182086
346  0.0179538  0.0179538
347  0.0176919  0.0176919
348  0.0174229  0.0174229
349  0.0171469  0.0171469
350  0.0168637  0.0168637
351  0.0165732  0.0165732
352  0.0162756  0.0162756
353  0.0159705  0.0159705
354  0.0156581  0.0156581
355  0.0153383  0.0153383
356  0.015011  0.015011
357  0.0146762  0.0146762
358  0.0143338  0.0143338
359  0.0139837  0.0139837
360  0.013626  0.013626
361  0.0132605  0.0132605
362  0.0128873  0.0128873
363  0.0125061  0.0125061
364  0.0121171  0.0121171
365  0.0117202  0.0117202
366  0.0113152  0.0113152
367  0.0109022  0.0109022
368  0.0104811  0.0104811
369  0.0100519  0.0100519
370  0.00961443  0.00961443
371  0.00916873  0.00916873
372  0.00871473  0.00871473
373  0.00825237  0.00825237
374  0.00778162  0.00778162
375  0.00730241  0.00730241
376  0.0068147  0.0068147
377  0.00631843  0.00631843
378  0.00581357  0.00581357
379  0.00530006  0.00530006
380  0.00477785  0.00477785
381  0.00424689  0.00424689
382  0.00370715  0.00370715
383  0.00315856  0.00315856
384  0.00260109  0.00260109
385  0.00203468  0.00203468
386  0.0014593  0.0014593
387  0.000874897  0.000874897
388  0.000281428  0.000281428
389  -0.00032115  -0.00032115
390  -0.000932877  -0.000932877
391  -0.0015538  -0.0015538
392  -0.00218394  -0.00218394
393  -0.00282336  -0.00282336
394  -0.00347209  -0.00347209
395  -0.00413015  -0.00413015
396  -0.0047976  -0.0047976
397  -0.00547445  -0.00547445
398  -0.00616074  -0.00616074
399  -0.0068565  -0.0068565
400  -0.00756175  -0.00756175
401  -0.00827652  -0.00827652
402  -0.00900083  -0.00900083
403  -0.00973469  -0.00973469
404  -0.0104781  -0.0104781
405  -0.0112312  -0.0112312
406  -0.0119938  -0.0119938
407  -0.012766  -0.012766
408  -0.0135479  -0.0135479
409  -0.0143393  -0.0143393
410  -0.0151404  -0.0151404
411  -0.015951  -0.015951
412  -0.0167712  -0.0167712
413  -0.017601  -0.017601
414  -0.0184403  -0.0184403
415  -0.0192891  -0.0192891
416  -0.0201473  -0.0201473
417  -0.021015  -0.021015
418  -0.0218921  -0.0218921
419  -0.0227784  -0.0227784
420  -0.0236741  -0.0236741
421  -0.0245789  -0.0245789
422  -0.0254928  -0.0254928
423  -0.0264157  -0.0264157
424  -0.0273475  -0.0273475
425  -0.0282882  -0.0282882
426  -0.0292376  -0.0292376
427  -0.0301955  -0.0301955
428  -0.0311619  -0.0311619
429  -0.0321365  -0.0321365
430  -0.0331193  -0.0331193
431  -0.0341101  -0.0341101
432  -0.0351086  -0.0351086
433  -0.0361147  -0.0361147
434  -0.0371282  -0.0371282
435  -0.0381489  -0.0381489
436  -0.0391765  -0.0391765
437  -0.0402107  -0.0402107
438  -0.0412514  -0.0412514
439  -0.0422982  -0.0422982
440  -0.0433508  -0.0433508
441  -0.0444089  -0.0444089
442  -0.0454722  -0.0454722
443  -0.0465403  -0.0465403
444  -0.047613  -0.047613
445  -0.0486897  -0.0486897
446  -0.0497701  -0.0497701
447  -0.0508537  -0.0508537
448  -0.0519402  -0.0519402
449  -0.0530291  -0.0530291
450  -0.0541199  -0.0541199
451  -0.055212  -0.055212
452  -0.0563051  -0.0563051
453  -0.0573984  -0.0573984
454  -0.0584916  -0.0584916
455  -0.059584  -0.059584
456  -0.060675  -0.060675
457  -0.061764  -0.061764
458  -0.0628503  -0.0628503
459  -0.0639334  -0.0639334
460  -0.0650124  -0.0650124
461  -0.0660868  -0.0660868
462  -0.0671558  -0.0671558
463  -0.0682186  -0.0682186
464  -0.0692746  -0.0692746
465  -0.070323  -0.070323
466  -0.0713629  -0.0713629
467  -0.0723935  -0.0723935
468  -0.0734141  -0.0734141
469  -0.0744238  -0.0744238
470  -0.0754218  -0.0754218
471  -0.0764072  -0.0764072
472  -0.0773792  -0.0773792
473  -0.0783368  -0.0783368
474  -0.0792791  -0.0792791
475  -0.0802054  -0.0802054
476  -0.0811146  -0.0811146
477  -0.0820059  -0.0820059
478  -0.0828784  -0.0828784
479  -0.0837312  -0.0837312
480  -0.0845633  -0.0845633
481  -0.085374  -0.085374
482  -0.0861622  -0.0861622
483  -0.086927  -0.086927
484  -0.0876678  -0.0876678
485  -0.0883834  -0.0883834
486  -0.0890732  -0.0890732
487  -0.0897363  -0.0897363
488  -0.0903718  -0.0903718
489  -0.0909791  -0.0909791
490  -0.0915572  -0.0915572
491  -0.0921056  -0.0921056
492  -0.0926234  -0.0926234
493  -0.09311  -0.09311
494  -0.0935648  -0.0935648
495  -0.0939872  -0.0939872
496  -0.0943766  -0.0943766
497  -0.0947324  -0.0947324
498  -0.0950543  -0.0950543
499  -0.0953417  -0.0953417
500  -0.0955943  -0.0955943
501  -0.0958118  -0.0958118
502  -0.0959939  -0.0959939
503  -0.0961403  -0.0961403
504  -0.0962509  -0.0962509
505  -0.0963256  -0.0963256
506  -0.0963643  -0.0963643
507  -0.096367  -0.096367
508  -0.0963339  -0.0963339
509  -0.0962649  -0.0962649
510  -0.0961604  -0.0961604
511  -0.0960205  -0.0960205
512  -0.0958457  -0.0958457
513  -0.0956362  -0.0956362
514  -0.0953925  -0.0953925
515  -0.0951151  -0.0951151
516  -0.0948047  -0.0948047
517  -0.0944617  -0.0944617
518  -0.0940869  -0.0940869
519  -0.093681  -0.093681
520  -0.0932449  -0.0932449
521  -0.0927793  -0.0927793
522  -0.0922852  -0.0922852
523  -0.0917636  -0.0917636
524  -0.0912153  -0.0912153
525  -0.0906415  -0.0906415
526  -0.0900432  -0.0900432
527  -0.0894215  -0.0894215
528  -0.0887777  -0.0887777
529  -0.0881128  -0.0881128
530  -0.087428  -0.087428
531  -0.0867246  -0.0867246
532  -0.0860039  -0.0860039
533  -0.085267  -0.085267
534  -0.0845152  -0.0845152
535  -0.0837498  -0.0837498
536  -0.0829721  -0.0829721
537  -0.0821834  -0.0821834
538  -0.0813848  -0.0813848
539  -0.0805777  -0.0805777
540  -0.0797632  -0.0797632
541  -0.0789426  -0.0789426
542  -0.0781171  -0.0781171
543  -0.0772878  -0.0772878
544  -0.0764559  -0.0764559
545  -0.0756225  -0.0756225
546  -0.0747885  -0.0747885
547  -0.0739551  -0.0739551
548  -0.0731233  -0.0731233
549  -0.0722939  -0.0722939
550  -0.0714678  -0.0714678
551  -0.0706459  -0.0706459
552  -0.069829  -0.069829
553  -0.0690177  -0.0690177
554  -0.0682128  -0.0682128
555  -0.0674149  -0.0674149
556  -0.0666245  -0.0666245
557  -0.0658422  -0.0658422
558  -0.0650684  -0.0650684
559  -0.0643035  -0.0643035
560  -0.0635478  -0.0635478
561  -0.0628015  -0.0628015
562  -0.062065  -0.062065
563  -0.0613384  -0.0613384
564  -0.0606218  -0.0606218
565  -0.0599153  -0.0599153
566  -0.0592188  -0.0592188
567  -0.0585323  -0.0585323
568  -0.0578558  -0.0578558
569  -0.057189  -0.057189
570  -0.0565319  -0.0565319
571  -0.0558842  -0.0558842
572  -0.0552456  -0.0552456
573  -0.0546159  -0.0546159
574  -0.0539947  -0.0539947
575  -0.0533816  -0.0533816
576  -0.0527763  -0.0527763
577  -0.0521783  -0.0521783
578  -0.0515872  -0.0515872
579  -0.0510026  -0.0510026
580  -0.0504238  -0.0504238
581  -0.0498506  -0.0498506
582  -0.0492822  -0.0492822
583  -0.0487182  -0.0487182
584  -0.0481581  -0.0481581
585  -0.0476013  -0.0476013
586  -0.0470472  -0.0470472
587  -0.0464953  -0.0464953
588  -0.045945  -0.045945
589  -0.0453958  -0.0453958
590  -0.0448472  -0.0448472
591  -0.0442984  -0.0442984
592  -0.0437491  -0.0437491
593  -0.0431986  -0.0431986
594  -0.0426465  -0.0426465
595  -0.0420921  -0.0420921
596  -0.041535  -0.041535
597  -0.0409747  -0.0409747
598  -0.0404107  -0.0404107
599  -0.0398424  -0.0398424
600  -0.0392695  -0.0392695
601  -0.0386915  -0.0386915
602  -0.0381079  -0.0381079
603  -0.0375182  -0.0375182
604  -0.0369222  -0.0369222
605  -0.0363194  -0.0363194
606  -0.0357094  -0.0357094
607  -0.0350919  -0.0350919
608  -0.0344666  -0.0344666
609  -0.033833  -0.033833
610  -0.0331909  -0.0331909
611  -0.03254  -0.03254
612  -0.03188  -0.03188
613  -0.0312107  -0.0312107
614  -0.0305318  -0.0305318
615  -0.0298431  -0.0298431
616  -0.0291444  -0.0291444
617  -0.0284354  -0.0284354
618  -0.0277161  -0.0277161
619  -0.0269861  -0.0269861
620  -0.0262455  -0.0262455
621  -0.025494  -0.025494
622  -0.0247315  -0.0247315
623  -0.0239579  -0.0239579
624  -0.0231731  -0.0231731
625  -0.022377  -0.022377
626  -0.0215696  -0.0215696
627  -0.0207508  -0.0207508
628  -0.0199205  -0.0199205
629  -0.0190787  -0.0190787
630  -0.0182254  -0.0182254
631  -0.0173605  -0.0173605
632  -0.0164841  -0.0164841
633  -0.0155961  -0.0155961
634  -0.0146966  -0.0146966
635  -0.0137856  -0.0137856
636  -0.0128631  -0.0128631
637  -0.0119291  -0.0119291
638  -0.0109838  -0.0109838
639  -0.0100271  -0.0100271
640  -0.00905908  -0.00905908
641  -0.00807988  -0.00807988
642  -0.00708953  -0.00708953
643  -0.00608813  -0.00608813
644  -0.00507577  -0.00507577
645  -0.00405254  -0.00405254
646  -0.00301856  -0.00301856
647  -0.00197392  -0.00197392
648  -0.000918757  -0.000918757
649  0.000146811  0.000146811
650  0.00122265  0.00122265
651  0.00230863  0.00230863
652  0.00340459  0.00340459
653  0.00451039  0.00451039
654  0.00562587  0.00562587
655  0.00675085  0.00675085
656  0.00788518  0.00788518
657  0.00902866  0.00902866
658  0.0101811  0.0101811
659  0.0113423  0.0113423
660  0.0125121  0.0125121
661  0.0136903  0.0136903
662  0.0148766  0.0148766
663  0.0160708  0.0160708
664  0.0172727  0.0172727
665  0.018482  0.018482
666  0.0196985  0.0196985
667  0.0209219  0.0209219
668  0.0221519  0.0221519
669  0.0233883  0.0233883
670  0.0246307  0.0246307
671  0.0258789  0.0258789
672  0.0271326  0.0271326
673  0.0283913  0.0283913
674  0.0296548  0.0296548
675  0.0309227  0.0309227
676  0.0321947  0.0321947
677  0.0334704  0.0334704
678  0.0347494  0.0347494
679  0.0360313  0.0360313
680  0.0373157  0.0373157
681  0.0386022  0.0386022
682  0.0398903  0.0398903
683  0.0411796  0.0411796
684  0.0424696  0.0424696
685  0.04376  0.04376
686  0.0450501  0.0450501
687  0.0463395  0.0463395
688  0.0476277  0.0476277
689  0.0489141  0.0489141
690  0.0501983  0.0501983
691  0.0514797  0.0514797
692  0.0527577  0.0527577
693  0.0540318  0.0540318
694  0.0553014  0.0553014
695  0.0565659  0.0565659
696  0.0578248  0.0578248
697  0.0590774  0.0590774
698  0.0603232  0.0603232
699  0.0615614  0.0615614
700  0.0627915  0.0627915
701  0.064013  0.064013
702  0.065225  0.065225
703  0.066427  0.066427
704  0.0676184  0.0676184
705  0.0687985  0.0687985
706  0.0699667  0.0699667
707  0.0711223  0.0711223
708  0.0722646  0.0722646
709  0.0733931  0.0733931
710  0.0745071  0.0745071
711  0.0756059  0.0756059
712  0.0766889  0.0766889
713  0.0777555  0.0777555
714  0.0788051  0.0788051
715  0.079837  0.079837
716  0.0808506  0.0808506
717  0.0818452  0.0818452
718  0.0828205  0.0828205
719  0.0837756  0.0837756
720  0.08471  0.08471
721  0.0856233  0.0856233
722  0.0865147  0.0865147
723  0.0873838  0.0873838
724  0.0882301  0.0882301
725  0.089053  0.089053
726  0.0898519  0.0898519
727  0.0906265  0.0906265
728  0.0913763  0.0913763
729  0.0921007  0.0921007
730  0.0927993  0.0927993
731  0.0934717  0.0934717
732  0.0941175  0.0941175
733  0.0947362  0.0947362
734  0.0953275  0.0953275
735  0.0958909  0.0958909
736  0.0964262  0.0964262
737  0.0969329  0.0969329
738  0.0974108  0.0974108
739  0.0978595  0.0978595
740  0.0982787  0.0982787
741  0.0986681  0.0986681
742  0.0990275  0.0990275
743  0.0993566  0.0993566
744  0.0996551  0.0996551
745  0.0999228  0.0999228
746  0.10016  0.10016
747  0.100365  0.100365
748  0.100539  0.100539
749  0.100682  0.100682
750  0.100793  0.100793
751  0.100873  0.100873
752  0.10092  0.10092
753  0.100936  0.100936
754  0.100919  0.100919
755  0.100871  0.100871
756  0.10079  0.10079
757  0.100677  0.100677
758  0.100533  0.100533
759  0.100356  0.100356
760  0.100148  0.100148
761  0.0999082  0.0999082
762  0.0996366  0.0996366
763  0.0993338  0.0993338
764  0.0989998  0.0989998
765  0.0986349  0.0986349
766  0.0982394  0.0982394
767  0.0978137  0.0978137
768  0.097358  0.097358
769  0.0968728  0.0968728
770  0.0963586  0.0963586
771  0.0958157  0.0958157
772  0.0952447  0.0952447
773  0.0946461  0.0946461
774  0.0940206  0.0940206
775  0.0933686  0.0933686
776  0.092691  0.092691
777  0.0919883  0.0919883
778  0.0912613  0.0912613
779  0.0905107  0.0905107
780  0.0897373  0.0897373
781  0.088942  0.088942
782  0.0881255  0.0881255
783  0.0872888  0.0872888
784  0.0864327  0.0864327
785  0.0855582  0.0855582
786  0.0846662  0.0846662
787  0.0837577  0.0837577
788  0.0828336  0.0828336
789  0.0818949  0.0818949
790  0.0809426  0.0809426
791  0.0799778  0.0799778
792  0.0790013  0.0790013
793  0.0780143  0.0780143
794  0.0770177  0.0770177
795  0.0760126  0.0760126
796  0.0749999  0.0749999
797  0.0739806  0.0739806
798  0.0729558  0.0729558
799  0.0719263  0.0719263
800  0.0708931  0.0708931
801  0.0698572  0.0698572
802  0.0688195  0.0688195
803  0.0677807  0.0677807
804  0.0667419  0.0667419
805  0.0657039  0.0657039
806  0.0646673  0.0646673
807  0.0636331  0.0636331
808  0.062602  0.062602
809  0.0615747  0.0615747
810  0.0605518  0.0605518
811  0.0595341  0.0595341
812  0.0585222  0.0585222
813  0.0575166  0.0575166
814  0.056518  0.056518
815  0.0555268  0.0555268
816  0.0545435  0.0545435
817  0.0535687  0.0535687
818  0.0526028  0.0526028
819  0.0516461  0.0516461
820  0.050699  0.050699
821  0.049762  0.049762
822  0.0488353  0.0488353
823  0.0479192  0.0479192
824  0.0470141  0.0470141
825  0.0461202  0.0461202
826  0.0452377  0.0452377
827  0.0443668  0.0443668
828  0.0435078  0.0435078
829  0.0426608  0.0426608
830  0.041826  0.041826
831  0.0410036  0.0410036
832  0.0401937  0.0401937
833  0.0393964  0.0393964
834  0.0386119  0.0386119
835  0.0378402  0.0378402
836  0.0370815  0.0370815
837  0.0363358  0.0363358
838  0.0356032  0.0356032
839  0.0348838  0.0348838
840  0.0341776  0.0341776
841  0.0334848  0.0334848
842  0.0328053  0.0328053
843  0.0321392  0.0321392
844  0.0314864  0.0314864
845  0.0308472  0.0308472
846  0.0302214  0.0302214
847  0.029609  0.029609
848  0.0290101  0.0290101
849  0.0284246  0.0284246
850  0.0278526  0.0278526
851  0.027294  0.027294
852  0.0267487  0.0267487
853  0.0262168  0.0262168
854  0.0256981  0.0256981
855  0.0251926  0.0251926
856  0.0247002  0.0247002
857  0.0242207  0.0242207
858  0.0237542  0.0237542
859  0.0233004  0.0233004
860  0.0228593  0.0228593
861  0.0224306  0.0224306
862  0.0220142  0.0220142
863  0.0216099  0.0216099
864  0.0212176  0.0212176
865  0.0208369  0.0208369
866  0.0204677  0.0204677
867  0.0201098  0.0201098
868  0.0197628  0.0197628
869  0.0194265  0.0194265
870  0.0191006  0.0191006
871  0.0187848  0.0187848
872  0.0184788  0.0184788
873  0.0181821  0.0181821
874  0.0178946  0.0178946
875  0.0176157  0.0176157
876  0.0173451  0.0173451
877  0.0170824  0.0170824
878  0.0168272  0.0168272
879  0.016579  0.016579
880  0.0163375  0.0163375
881  0.0161022  0.0161022
882  0.0158726  0.0158726
883  0.0156482  0.0156482
884  0.0154286  0.0154286
885  0.0152133  0.0152133
886  0.0150018  0.0150018
887  0.0147935  0.0147935
888  0.0145881  0.0145881
889  0.014385  0.014385
890  0.0141836  0.0141836
891  0.0139836  0.0139836
892  0.0137842  0.0137842
893  0.0135852  0.0135852
894  0.0133859  0.0133859
895  0.0131858  0.0131858
896  0.0129845  0.0129845
897  0.0127815  0.0127815
898  0.0125762  0.0125762
899  0.0123682  0.0123682
900  0.0121571  0.0121571
901  0.0119423  0.0119423
902  0.0117235  0.0117235
903  0.0115002  0.0115002
904  0.011272  0.011272
905  0.0110386  0.0110386
906  0.0107994  0.0107994
907  0.0105542  0.0105542
908  0.0103027  0.0103027
909  0.0100445  0.0100445
910  0.00977932  0.00977932
911  0.00950689  0.00950689
912  0.00922696  0.00922696
913  0.00893932  0.00893932
914  0.00864375  0.00864375
915  0.0083401  0.0083401
916  0.0080282  0.0080282
917  0.00770796  0.00770796
918  0.00737927  0.00737927
919  0.00704207  0.00704207
920  0.00669634  0.00669634
921  0.00634206  0.00634206
922  0.00597926  0.00597926
923  0.00560799  0.00560799
924  0.00522832  0.00522832
925  0.00484038  0.00484038
926  0.00444429  0.00444429
927  0.00404022  0.00404022
928  0.00362834  0.00362834
929  0.00320889  0.00320889
930  0.00278208  0.00278208
931  0.00234819  0.00234819
932  0.00190749  0.00190749
933  0.00146029  0.00146029
934  0.0010069  0.0010069
935  0.00054767  0.00054767
936  8.29439e-05  8.29439e-05
937  -0.000386911  -0.000386911
938  -0.000861519  -0.000861519
939  -0.00134049  -0.00134049
940  -0.00182344  -0.00182344
941  -0.00230997  -0.00230997
942  -0.00279968  -0.00279968
943  -0.00329218  -0.00329218
944  -0.00378706  -0.00378706
945  -0.00428394  -0.00428394
946  -0.00478244  -0.00478244
947  -0.00528218  -0.00528218
948  -0.0057828  -0.0057828
949  -0.00628396  -0.00628396
950  -0.00678532  -0.00678532
951  -0.00728658  -0.00728658
952  -0.00778743  -0.00778743
953  -0.0082876  -0.0082876
954  -0.00878684  -0.00878684
955  -0.00928492  -0.00928492
956  -0.00978162  -0.00978162
957  -0.0102768  -0.0102768
958  -0.0107702  -0.0107702
959  -0.0112617  -0.0112617
960  -0.0117512  -0.0117512
961  -0.0122386  -0.0122386
962  -0.0127238  -0.0127238
963  -0.0132067  -0.0132067
964  -0.0136872  -0.0136872
965  -0.0141653  -0.0141653
966  -0.014641  -0.014641
967  -0.0151141  -0.0151141
968  -0.0155847  -0.0155847
969  -0.0160527  -0.0160527
970  -0.016518  -0.016518
971  -0.0169807  -0.0169807
972  -0.0174405  -0.0174405
973  -0.0178975  -0.0178975
974  -0.0183516  -0.0183516
975  -0.0188026  -0.0188026
976  -0.0192503  -0.0192503
977  -0.0196948  -0.0196948
978  -0.0201357  -0.0201357
979  -0.0205729  -0.0205729
980  -0.0210061  -0.0210061
981  -0.0214351  -0.0214351
982  -0.0218595  -0.0218595
983  -0.0222792  -0.0222792
984  -0.0226937  -0.0226937
985  -0.0231027  -0.0231027
986  -0.0235057  -0.0235057
987  -0.0239024  -0.0239024
988  -0.0242923  -0.0242923
989  -0.0246748  -0.0246748
990  -0.0250496  -0.0250496
991  -0.0254159  -0.0254159
992  -0.0257734  -0.0257734
993  -0.0261213  -0.0261213
994  -0.0264591  -0.0264591
995  -0.0267862  -0.0267862
996  -0.0271019  -0.0271019
997  -0.0274054  -0.0274054
998  -0.0276963  -0.0276963
999  -0.0279737  -0.0279737
1000  -0.0282369  -0.0282369
1001  -0.0284853  -0.0284853
1002  -0.0287181  -0.0287181
1003  -0.0289347  -0.0289347
1004  -0.0291343  -0.0291343
1005  -0.0293162  -0.0293162
1006  -0.0294798  -0.0294798
1007  -0.0296244  -0.0296244
1008  -0.0297493  -0.0297493
1009  -0.0298539  -0.0298539
1010  -0.0299377  -0.0299377
1011  -0.03  -0.03
1012  -0.0300405  -0.0300405
1013  -0.0300585  -0.0300585
1014  -0.0300536  -0.0300536
1015  -0.0300256  -0.0300256
1016  -0.0299741  -0.0299741
1017  -0.0298988  -0.0298988
1018  -0.0297995  -0.0297995
1019  -0.0296761  -0.0296761
1020  -0.0295285  -0.0295285
1021  -0.0293568  -0.0293568
1022  -0.029161  -0.029161
1023  -0.0289412  -0.0289412
1024  -0.0286978  -0.0286978
1025  -0.0284309  -0.0284309
1026  -0.0281409  -0.0281409
1027  -0.0278284  -0.0278284
1028  -0.0274937  -0.0274937
1029  -0.0271375  -0.0271375
1030  -0.0267604  -0.0267604
1031  -0.0263631  -0.0263631
1032  -0.0259463  -0.0259463
1033  -0.025511  -0.025511
1034  -0.0250578  -0.0250578
1035  -0.0245878  -0.0245878
1036  -0.0241018  -0.0241018
1037  -0.0236009  -0.0236009
1038  -0.0230861  -0.0230861
1039  -0.0225584  -0.0225584
1040  -0.0220188  -0.0220188
1041  -0.0214685  -0.0214685
1042  -0.0209085  -0.0209085
1043  -0.0203399  -0.0203399
1044  -0.0197638  -0.0197638
1045  -0.0191811  -0.0191811
1046  -0.0185931  -0.0185931
1047  -0.0180007  -0.0180007
1048  -0.0174049  -0.0174049
1049  -0.0168067  -0.0168067
1050  -0.016207  -0.016207
1051  -0.0156068  -0.0156068
1052  -0.015007  -0.015007
1053  -0.0144083  -0.0144083
1054  -0.0138115  -0.0138115
1055  -0.0132174  -0.0132174
1056  -0.0126266  -0.0126266
1057  -0.0120398  -0.0120398
1058  -0.0114575  -0.0114575
1059  -0.0108803  -0.0108803
1060  -0.0103086  -0.0103086
1061  -0.00974284  -0.00974284
1062  -0.00918336  -0.00918336
1063  -0.00863048  -0.00863048
1064  -0.00808447  -0.00808447
1065  -0.00754553  -0.00754553
1066  -0.00701386  -0.00701386
1067  -0.00648958  -0.00648958
1068  -0.00597279  -0.00597279
1069  -0.00546356  -0.00546356
1070  -0.00496193  -0.00496193
1071  -0.00446793  -0.00446793
1072  -0.00398154  -0.00398154
1073  -0.00350276  -0.00350276
1074  -0.00303155  -0.00303155
1075  -0.00256788  -0.00256788
1076  -0.00211171  -0.00211171
1077  -0.001663  -0.001663
1078  -0.00122171  -0.00122171
1079  -0.000787814  -0.000787814
1080  -0.00036129  -0.00036129
1081  5.78746e-05  5.78746e-05
1082  0.000469679  0.000469679
1083  0.00087411  0.00087411
1084  0.00127114  0.00127114
1085  0.00166072  0.00166072
1086  0.0020428  0.0020428
1087  0.0024173  0.0024173
1088  0.00278413  0.00278413
1089  0.0031432  0.0031432
1090  0.00349438  0.00349438
1091  0.00383755  0.00383755
1092  0.00417258  0.00417258
1093  0.00449932  0.00449932
1094  0.00481761  0.00481761
1095  0.00512731  0.00512731
1096  0.00542825  0.00542825
1097  0.00572026  0.00572026
1098  0.00600319  0.00600319
1099  0.00627688  0.00627688
1100  0.00654116  0.00654116
1101  0.0067959  0.0067959
1102  0.00704095  0.00704095
1103  0.00727616  0.00727616
1104  0.00750142  0.00750142
1105  0.0077166  0.0077166
1106  0.00792161  0.00792161
1107  0.00811634  0.00811634
1108  0.00830073  0.00830073
1109  0.0084747  0.0084747
1110  0.00863821  0.00863821
1111  0.00879122  0.00879122
1112  0.0089337  0.0089337
1113  0.00906565  0.00906565
1114  0.00918707  0.00918707
1115  0.00929798  0.00929798
1116  0.00939843  0.00939843
1117  0.00948845  0.00948845
1118  0.0095681  0.0095681
1119  0.00963747  0.00963747
1120  0.00969663  0.00969663
1121  0.00974568  0.00974568
1122  0.00978473  0.00978473
1123  0.0098139  0.0098139
1124  0.0098333  0.0098333
1125  0.00984308  0.00984308
1126  0.00984337  0.00984337
1127  0.00983432  0.00983432
1128  0.0098161  0.0098161
1129  0.00978885  0.00978885
1130  0.00975275  0.00975275
1131  0.00970797  0.00970797
1132  0.00965469  0.00965469
1133  0.00959308  0.00959308
1134  0.00952333  0.00952333
1135  0.00944563  0.00944563
1136  0.00936017  0.00936017
1137  0.00926716  0.00926716
1138  0.00916678  0.00916678
1139  0.00905925  0.00905925
1140  0.00894477  0.00894477
1141  0.00882356  0.00882356
1142  0.00869583  0.00869583
1143  0.00856181  0.00856181
1144  0.00842173  0.00842173
1145  0.00827581  0.00827581
1146  0.00812429  0.00812429
1147  0.00796742  0.00796742
1148  0.00780544  0.00780544
1149  0.00763862  0.00763862
1150  0.0074672  0.0074672
1151  0.00729147  0.00729147
1152  0.00711168  0.00711168
1153  0.00692812  0.00692812
1154  0.00674107  0.00674107
1155  0.00655083  0.00655083
1156  0.0063577  0.0063577
1157  0.00616196  0.00616196
1158  0.00596394  0.00596394
1159  0.00576395  0.00576395
1160  0.0055623  0.0055623
1161  0.00535932  0.00535932
1162  0.00515532  0.00515532
1163  0.00495065  0.00495065
1164  0.00474563  0.00474563
1165  0.00454059  0.00454059
1166  0.00433587  0.00433587
1167  0.00413179  0.00413179
1168  0.0039287  0.0039287
1169  0.00372693  0.00372693
1170  0.00352679  0.00352679
1171  0.00332863  0.00332863
1172  0.00313275  0.00313275
1173  0.00293949  0.00293949
1174  0.00274913  0.00274913
1175  0.00256199  0.00256199
1176  0.00237836  0.00237836
1177  0.00219853  0.00219853
1178  0.00202276  0.00202276
1179  0.00185132  0.00185132
1180  0.00168445  0.00168445
1181  0.0015224  0.0015224
1182  0.00136537  0.00136537
1183  0.00121359  0.00121359
1184  0.00106723  0.00106723
1185  0.000926465  0.000926465
1186  0.000791453  0.000791453
1187  0.000662327  0.000662327
1188  0.000539203  0.000539203
1189  0.000422174  0.000422174
1190  0.000311317  0.000311317
1191  0.000206686  0.000206686
1192  0.000108314  0.000108314
1193  1.62123e-05  1.62123e-05
1194  -6.96286e-05  -6.96286e-05
1195  -0.00014924  -0.00014924
1196  -0.000222674  -0.000222674
1197  -0.000290005  -0.000290005
1198  -0.000351328  -0.000351328
1199  -0.000406757  -0.000406757
1200  -0.000456428  -0.000456428
1201  -0.000500494  -0.000500494
1202  -0.000539128  -0.000539128
1203  -0.00057252  -0.00057252
1204  -0.000600876  -0.000600876
1205  -0.000624419  -0.000624419
1206  -0.000643384  -0.000643384
1207  -0.000658021  -0.000658021
1208  -0.00066859  -0.00066859
1209  -0.000675362  -0.000675362
1210  -0.000678617  -0.000678617
1211  -0.00067864  -0.00067864
1212  -0.000675725  -0.000675725
1213  -0.000670167  -0.000670167
1214  -0.000662264  -0.000662264
1215  -0.000652316  -0.000652316
1216  -0.000640619  -0.000640619
1217  -0.00062747  -0.00062747
1218  -0.000613159  -0.000613159
1219  -0.000597971  -0.000597971
1220  -0.000582183  -0.000582183
1221  -0.000566066  -0.000566066
1222  -0.000549877  -0.000549877
1223  -0.000533864  -0.000533864
1224  -0.000518262  -0.000518262
1225  -0.000503293  -0.000503293
1226  -0.000489164  -0.000489164
1227  -0.000476064  -0.000476064
1228  -0.000464171  -0.000464171
1229  -0.000453642  -0.000453642
1230  -0.000444619  -0.000444619
1231  -0.000437226  -0.000437226
1232  -0.000431569  -0.000431569
1233  -0.000427736  -0.000427736
1234  -0.000425799  -0.000425799
1235  -0.000425811  -0.000425811
1236  -0.000427808  -0.000427808
1237  -0.00043181  -0.00043181
1238  -0.000437822  -0.000437822
1239  -0.000445831  -0.000445831
1240  -0.000455811  -0.000455811
1241  -0.000467723  -0.000467723
1242  -0.000481513  -0.000481513
1243  -0.000497117  -0.000497117
1244  -0.00051446  -0.00051446
1245  -0.000533457  -0.000533457
1246  -0.000554013  -0.000554013
1247  -0.000576028  -0.000576028
1248  -0.000599395  -0.000599395
1249  -0.000624001  -0.000624001
1250  -0.000649731  -0.000649731
1251  -0.000676464  -0.000676464
1252  -0.00070408  -0.00070408
1253  -0.000732459  -0.000732459
1254  -0.000761478  -0.000761478
1255  -0.000791019  -0.000791019
1256  -0.000820964  -0.000820964
1257  -0.000851198  -0.000851198
1258  -0.000881611  -0.000881611
1259  -0.000912098  -0.000912098
1260  -0.000942557  -0.000942557
1261  -0.000972894  -0.000972894
1262  -0.00100302  -0.00100302
1263  -0.00103285  -0.00103285
1264  -0.00106232  -0.00106232
1265  -0.00109134  -0.00109134
1266  -0.00111987  -0.00111987
1267  -0.00114785  -0.00114785
1268  -0.00117522  -0.00117522
1269  -0.00120196  -0.00120196
1270  -0.00122804  -0.00122804
1271  -0.00125342  -0.00125342
1272  -0.00127808  -0.00127808
1273  -0.00130202  -0.00130202
1274  -0.00132524  -0.00132524
1275  -0.00134772  -0.00134772
1276  -0.00136948  -0.00136948
1277  -0.00139053  -0.00139053
1278  -0.00141088  -0.00141088
1279  -0.00143055  -0.00143055
1280  -0.00144955  -0.00144955
1281  -0.00146793  -0.00146793
1282  -0.00148569  -0.00148569
1283  -0.00150287  -0.00150287
1284  -0.0015195  -0.0015195
1285  -0.0015356  -0.0015356
1286  -0.00155121  -0.00155121
1287  -0.00156635  -0.00156635
1288  -0.00158105  -0.00158105
1289  -0.00159533  -0.00159533
1290  -0.00160923  -0.00160923
1291  -0.00162276  -0.00162276
1292  -0.00163593  -0.00163593
1293  -0.00164878  -0.00164878
1294  -0.0016613  -0.0016613
1295  -0.0016735  -0.0016735
1296  -0.0016854  -0.0016854
1297  -0.001697  -0.001697
1298  -0.00170828  -0.00170828
1299  -0.00171926  -0.00171926
1300  -0.00172992  -0.00172992
1301  -0.00174024  -0.00174024
1302  -0.00175022  -0.00175022
1303  -0.00175983  -0.00175983
1304  -0.00176905  -0.00176905
1305  -0.00177786  -0.00177786
1306  -0.00178624  -0.00178624
1307  -0.00179415  -0.00179415
1308  -0.00180156  -0.00180156
1309  -0.00180845  -0.00180845
1310  -0.00181478  -0.00181478
1311  -0.00182052  -0.00182052
1312  -0.00182563  -0.00182563
1313  -0.0018301  -0.0018301
1314  -0.00183387  -0.00183387
1315  -0.00183693  -0.00183693
1316  -0.00183924  -0.00183924
1317  -0.00184077  -0.00184077
1318  -0.0018415  -0.0018415
1319  -0.00184141  -0.00184141
1320  -0.00184047  -0.00184047
1321  -0.00183867  -0.00183867
1322  -0.00183598  -0.00183598
1323  -0.0018324  -0.0018324
1324  -0.00182791  -0.00182791
1325  -0.00182251  -0.00182251
1326  -0.0018162  -0.0018162
1327  -0.00180897  -0.00180897
1328  -0.00180082  -0.00180082
1329  -0.00179177  -0.00179177
1330  -0.00178183  -0.00178183
1331  -0.00177099  -0.00177099
1332  -0.0017593  -0.0017593
1333  -0.00174675  -0.00174675
1334  -0.00173337  -0.00173337
1335  -0.0017192  -0.0017192
1336  -0.00170425  -0.00170425
1337  -0.00168855  -0.00168855
1338  -0.00167213  -0.00167213
1339  -0.00165504  -0.00165504
1340  -0.0016373  -0.0016373
1341  -0.00161895  -0.00161895
1342  -0.00160003  -0.00160003
1343  -0.00158058  -0.00158058
1344  -0.00156064  -0.00156064
1345  -0.00154025  -0.00154025
1346  -0.00151944  -0.00151944
1347  -0.00149827  -0.00149827
1348  -0.00147677  -0.00147677
1349  -0.00145498  -0.00145498
1350  -0.00143295  -0.00143295
1351  -0.00141071  -0.00141071
1352  -0.0013883  -0.0013883
1353  -0.00136576  -0.00136576
1354  -0.00134313  -0.00134313
1355  -0.00132045  -0.00132045
1356  -0.00129774  -0.00129774
1357  -0.00127504  -0.00127504
1358  -0.00125238  -0.00125238
1359  -0.00122979  -0.00122979
1360  -0.00120731  -0.00120731
1361  -0.00118495  -0.00118495
1362  -0.00116274  -0.00116274
1363  -0.0011407  -0.0011407
1364  -0.00111885  -0.00111885
1365  -0.00109722  -0.00109722
1366  -0.00107582  -0.00107582
1367  -0.00105466  -0.00105466
1368  -0.00103377  -0.00103377
1369  -0.00101315  -0.00101315
1370  -0.000992807  -0.000992807
1371  -0.000972759  -0.000972759
1372  -0.000953013  -0.000953013
1373  -0.000933574  -0.000933574
1374  -0.000914448  -0.000914448
1375  -0.00089564  -0.00089564
1376  -0.000877153  -0.000877153
1377  -0.00085899  -0.00085899
1378  -0.000841152  -0.000841152
1379  -0.000823642  -0.000823642
1380  -0.000806459  -0.000806459
1381  -0.000789604  -0.000789604
1382  -0.000773075  -0.000773075
1383  -0.000756874  -0.000756874
1384  -0.000740998  -0.000740998
1385  -0.000725447  -0.000725447
1386  -0.00071022  -0.00071022
1387  -0.000695314  -0.000695314
1388  -0.00068073  -0.00068073
1389  -0.000666464  -0.000666464
1390  -0.000652517  -0.000652517
1391  -0.000638887  -0.000638887
1392  -0.000625572  -0.000625572
1393  -0.000612572  -0.000612572
1394  -0.000599886  -0.000599886
1395  -0.000587512  -0.000587512
1396  -0.000575449  -0.000575449
1397  -0.000563698  -0.000563698
1398  -0.000552256  -0.000552256
1399  -0.000541124  -0.000541124
1400  -0.000530299  -0.000530299
1401  -0.000519782  -0.000519782
1402  -0.000509571  -0.000509571
1403  -0.000499665  -0.000499665
1404  -0.000490062  -0.000490062
1405  -0.000480761  -0.000480761
1406  -0.000471761  -0.000471761
1407  -0.000463059  -0.000463059
1408  -0.000454653  -0.000454653
1409  -0.000446539  -0.000446539
1410  -0.000438716  -0.000438716
1411  -0.00043118  -0.00043118
1412  -0.000423927  -0.000423927
1413  -0.000416952  -0.000416952
1414  -0.000410251  -0.000410251
1415  -0.00040382  -0.00040382
1416  -0.000397652  -0.000397652
1417  -0.000391741  -0.000391741
1418  -0.000386082  -0.000386082
1419  -0.000380667  -0.000380667
1420  -0.000375489  -0.000375489
1421  -0.000370541  -0.000370541
1422  -0.000365815  -0.000365815
1423  -0.000361301  -0.000361301
1424  -0.000356992  -0.000356992
1425  -0.000352879  -0.000352879
1426  -0.000348951  -0.000348951
1427  -0.0003452  -0.0003452
1428  -0.000341616  -0.000341616
1429  -0.000338188  -0.000338188
1430  -0.000334906  -0.000334906
1431  -0.00033176  -0.00033176
1432  -0.00032874  -0.00032874
1433  -0.000325835  -0.000325835
1434  -0.000323034  -0.000323034
1435  -0.000320328  -0.000320328
1436  -0.000317705  -0.000317705
1437  -0.000315156  -0.000315156
1438  -0.000312669  -0.000312669
1439  -0.000310236  -0.000310236
1440  -0.000307845  -0.000307845
1441  -0.000305489  -0.000305489
1442  -0.000303156  -0.000303156
1443  -0.000300838  -0.000300838
1444  -0.000298527  -0.000298527
1445  -0.000296213  -0.000296213
1446  -0.000293889  -0.000293889
1447  -0.000291546  -0.000291546
1448  -0.000289178  -0.000289178
1449  -0.000286777  -0.000286777
1450  -0.000284338  -0.000284338
1451  -0.000281853  -0.000281853
1452  -0.000279317  -0.000279317
1453  -0.000276725  -0.000276725
1454  -0.000274073  -0.000274073
1455  -0.000271356  -0.000271356
1456  -0.000268569  -0.000268569
1457  -0.000265711  -0.000265711
1458  -0.000262778  -0.000262778
1459  -0.000259767  -0.000259767
1460  -0.000256676  -0.000256676
1461  -0.000253505  -0.000253505
1462  -0.000250251  -0.000250251
1463  -0.000246915  -0.000246915
1464  -0.000243495  -0.000243495
1465  -0.000239993  -0.000239993
1466  -0.000236409  -0.000236409
1467  -0.000232743  -0.000232743
1468  -0.000228997  -0.000228997
1469  -0.000225172  -0.000225172
1470  -0.000221271  -0.000221271
1471  -0.000217295  -0.000217295
1472  -0.000213247  -0.000213247
1473  -0.000209131  -0.000209131
1474  -0.000204948  -0.000204948
1475  -0.000200702  -0.000200702
1476  -0.000196397  -0.000196397
1477  -0.000192036  -0.000192036
1478  -0.000187623  -0.000187623
1479  -0.000183162  -0.000183162
1480  -0.000178657  -0.000178657
1481  -0.000174111  -0.000174111
1482  -0.00016953  -0.00016953
1483  -0.000164918  -0.000164918
1484  -0.000160278  -0.000160278
1485  -0.000155615  -0.000155615
1486  -0.000150934  -0.000150934
1487  -0.000146238  -0.000146238
1488  -0.000141532  -0.000141532
1489  -0.00013682  -0.00013682
1490  -0.000132106  -0.000132106
1491  -0.000127394  -0.000127394
1492  -0.000122688  -0.000122688
1493  -0.000117992  -0.000117992
1494  -0.000113309  -0.000113309
1495  -0.000108642  -0.000108642
1496  -0.000103995  -0.000103995
1497  -9.93716e-05  -9.93716e-05
1498  -9.47737e-05  -9.47737e-05
1499  -9.02044e-05  -9.02044e-05
1500  -8.5666e-05  -8.5666e-05
1501  -8.11609e-05  -8.11609e-05
1502  -7.66911e-05  -7.66911e-05
1503  -7.22583e-05  -7.22583e-05
1504  -6.78642e-05  -6.78642e-05
1505  -6.35101e-05  -6.35101e-05
1506  -5.91971e-05  -5.91971e-05
1507  -5.4926e-05  -5.4926e-05
1508  -5.06974e-05  -5.06974e-05
1509  -4.65117e-05  -4.65117e-05
1510  -4.23692e-05  -4.23692e-05
1511  -3.82696e-05  -3.82696e-05
1512  -3.42127e-05  -3.42127e-05
1513  -3.0198e-05  -3.0198e-05
1514  -2.62248e-05  -2.62248e-05
1515  -2.22922e-05  -2.22922e-05
1516  -1.83992e-05  -1.83992e-05
1517  -1.45444e-05  -1.45444e-05
1518  -1.07265e-05  -1.07265e-05
1519  -6.944e-06  -6.944e-06
1520  -3.19519e-06  -3.19519e-06
1521  5.21687e-07  5.21687e-07
1522  4.20848e-06  4.20848e-06
1523  7.86713e-06  7.86713e-06
1524  1.14996e-05  1.14996e-05
1525  1.5108e-05  1.5108e-05
1526  1.86942e-05  1.86942e-05
1527  2.22605e-05  2.22605e-05
1528  2.58088e-05  2.58088e-05
1529  2.9341e-05  2.9341e-05
1530  3.28593e-05  3.28593e-05
1531  3.63655e-05  3.63655e-05
1532  3.98615e-05  3.98615e-05
1533  4.33489e-05  4.33489e-05
1534  4.68294e-05  4.68294e-05
1535  5.03046e-05  5.03046e-05
1536  5.37759e-05  5.37759e-05
1537  5.72446e-05  5.72446e-05
1538  6.07117e-05  6.07117e-05
1539  6.41783e-05  6.41783e-05
1540  6.76453e-05  6.76453e-05
1541  7.11133e-05  7.11133e-05
1542  7.45829e-05  7.45829e-05
1543  7.80544e-05  7.80544e-05
1544  8.15282e-05  8.15282e-05
1545  8.50042e-05  8.50042e-05
1546  8.84825e-05  8.84825e-05
1547  9.19627e-05  9.19627e-05
1548  9.54447e-05  9.54447e-05
1549  9.89278e-05  9.89278e-05
1550  0.000102411  0.000102411
1551  0.000105895  0.000105895
1552  0.000109378  0.000109378
1553  0.000112858  0.000112858
1554  0.000116336  0.000116336
1555  0.00011981  0.00011981
1556  0.000123278  0.000123278
1557  0.00012674  0.00012674
1558  0.000130194  0.000130194
1559  0.000133639  0.000133639
1560  0.000137074  0.000137074
1561  0.000140496  0.000140496
1562  0.000143906  0.000143906
1563  0.0001473  0.0001473
1564  0.000150678  0.000150678
1565  0.000154038  0.000154038
1566  0.000157379  0.000157379
1567  0.000160699  0.000160699
1568  0.000163997  0.000163997
1569  0.000167271  0.000167271
1570  0.00017052  0.00017052
1571  0.000173742  0.000173742
1572  0.000176937  0.000176937
1573  0.000180103  0.000180103
1574  0.000183238  0.000183238
1575  0.000186341  0.000186341
1576  0.000189412  0.000189412
1577  0.000192448  0.000192448
1578  0.000195449  0.000195449
1579  0.000198413  0.000198413
1580  0.00020134  0.00020134
1581  0.000204228  0.000204228
1582  0.000207077  0.000207077
1583  0.000209885  0.000209885
1584  0.000212652  0.000212652
1585  0.000215376  0.000215376
1586  0.000218058  0.000218058
1587  0.000220695  0.000220695
1588  0.000223287  0.000223287
1589  0.000225834  0.000225834
1590  0.000228334  0.000228334
1591  0.000230788  0.000230788
1592  0.000233194  0.000233194
1593  0.000235552  0.000235552
1594  0.000237861  0.000237861
1595  0.000240121  0.000240121
1596  0.000242331  0.000242331
1597  0.000244491  0.000244491
1598  0.0002466  0.0002466
1599  0.000248658  0.000248658
1600  0.000250665  0.000250665
1601  0.000252621  0.000252621
1602  0.000254524  0.000254524
1603  0.000256375  0.000256375
1604  0.000258174  0.000258174
1605  0.000259921  0.000259921
1606  0.000261614  0.000261614
1607  0.000263255  0.000263255
1608  0.000264843  0.000264843
1609  0.000266378  0.000266378
1610  0.00026786  0.00026786
1611  0.000269289  0.000269289
1612  0.000270665  0.000270665
1613  0.000271988  0.000271988
1614  0.000273259  0.000273259
1615  0.000274477  0.000274477
1616  0.000275643  0.000275643
1617  0.000276757  0.000276757
1618  0.000277819  0.000277819
1619  0.000278829  0.000278829
1620  0.000279788  0.000279788
1621  0.000280696  0.000280696
1622  0.000281554  0.000281554
1623  0.000282361  0.000282361
1624  0.000283118  0.000283118
1625  0.000283825  0.000283825
1626  0.000284483  0.000284483
1627  0.000285092  0.000285092
1628  0.000285653  0.000285653
1629  0.000286166  0.000286166
1630  0.000286632  0.000286632
1631  0.00028705  0.00028705
1632  0.000287423  0.000287423
1633  0.000287748  0.000287748
1634  0.000288029  0.000288029
1635  0.000288264  0.000288264
1636  0.000288455  0.000288455
1637  0.000288602  0.000288602
1638  0.000288705  0.000288705
1639  0.000288765  0.000288765
1640  0.000288782  0.000288782
1641  0.000288757  0.000288757
1642  0.000288691  0.000288691
1643  0.000288583  0.000288583
1644  0.000288435  0.000288435
1645  0.000288247  0.000288247
1646  0.000288019  0.000288019
1647  0.000287752  0.000287752
1648  0.000287447  0.000287447
1649  0.000287103  0.000287103
1650  0.000286721  0.000286721
1651  0.000286303  0.000286303
1652  0.000285847  0.000285847
1653  0.000285356  0.000285356
1654  0.000284828  0.000284828
1655  0.000284266  0.000284266
1656  0.000283668  0.000283668
1657  0.000283036  0.000283036
1658  0.00028237  0.00028237
1659  0.000281671  0.000281671
1660  0.000280938  0.000280938
1661  0.000280173  0.000280173
1662  0.000279376  0.000279376
1663  0.000278548  0.000278548
1664  0.000277688  0.000277688
1665  0.000276798  0.000276798
1666  0.000275877  0.000275877
1667  0.000274927  0.000274927
1668  0.000273947  0.000273947
1669  0.000272939  0.000272939
1670  0.000271902  0.000271902
1671  0.000270837  0.000270837
1672  0.000269745  0.000269745
1673  0.000268627  0.000268627
1674  0.000267481  0.000267481
1675  0.00026631  0.00026631
1676  0.000265113  0.000265113
1677  0.000263892  0.000263892
1678  0.000262646  0.000262646
1679  0.000261376  0.000261376
1680  0.000260083  0.000260083
1681  0.000258766  0.000258766
1682  0.000257428  0.000257428
1683  0.000256067  0.000256067
1684  0.000254685  0.000254685
1685  0.000253282  0.000253282
1686  0.000251859  0.000251859
1687  0.000250416  0.000250416
1688  0.000248953  0.000248953
1689  0.000247472  0.000247472
1690  0.000245973  0.000245973
1691  0.000244455  0.000244455
1692  0.000242921  0.000242921
1693  0.00024137  0.00024137
1694  0.000239802  0.000239802
1695  0.000238219  0.000238219
1696  0.00023662  0.00023662
1697  0.000235007  0.000235007
1698  0.00023338  0.00023338
1699  0.000231739  0.000231739
1700  0.000230085  0.000230085
1701  0.000228419  0.000228419
1702  0.00022674  0.00022674
1703  0.000225049  0.000225049
1704  0.000223348  0.000223348
1705  0.000221635  0.000221635
1706  0.000219913  0.000219913
1707  0.000218181  0.000218181
1708  0.000216439  0.000216439
1709  0.000214689  0.000214689
1710  0.00021293  0.00021293
1711  0.000211163  0.000211163
1712  0.000209389  0.000209389
1713  0.000207608  0.000207608
1714  0.00020582  0.00020582
1715  0.000204026  0.000204026
1716  0.000202226  0.000202226
1717  0.000200421  0.000200421
1718  0.000198611  0.000198611
1719  0.000196796  0.000196796
1720  0.000194976  0.000194976
1721  0.000193153  0.000193153
1722  0.000191327  0.000191327
1723  0.000189497  0.000189497
1724  0.000187664  0.000187664
1725  0.000185829  0.000185829
1726  0.000183992  0.000183992
1727  0.000182153  0.000182153
1728  0.000180312  0.000180312
1729  0.00017847  0.00017847
1730  0.000176628  0.000176628
1731  0.000174784  0.000174784
1732  0.00017294  0.00017294
1733  0.000171096  0.000171096
1734  0.000169253  0.000169253
1735  0.000167409  0.000167409
1736  0.000165567  0.000165567
1737  0.000163725  0.000163725
1738  0.000161885  0.000161885
1739  0.000160046  0.000160046
1740  0.000158208  0.000158208
1741  0.000156373  0.000156373
1742  0.00015454  0.00015454
1743  0.000152709  0.000152709
1744  0.00015088  0.00015088
1745  0.000149055  0.000149055
1746  0.000147232  0.000147232
1747  0.000145412  0.000145412
1748  0.000143596  0.000143596
1749  0.000141783  0.000141783
1750  0.000139974  0.000139974
1751  0.000138169  0.000138169
1752  0.000136368  0.000136368
1753  0.000134571  0.000134571
1754  0.000132778  0.000132778
1755  0.00013099  0.00013099
1756  0.000129207  0.000129207
1757  0.000127429  0.000127429
1758  0.000125656  0.000125656
1759  0.000123888  0.000123888
1760  0.000122125  0.000122125
1761  0.000120368  0.000120368
1762  0.000118617  0.000118617
1763  0.000116871  0.000116871
1764  0.000115132  0.000115132
1765  0.000113398  0.000113398
1766  0.000111671  0.000111671
1767  0.00010995  0.00010995
1768  0.000108236  0.000108236
1769  0.000106529  0.000106529
1770  0.000104828  0.000104828
1771  0.000103134  0.000103134
1772  0.000101448  0.000101448
1773  9.97681e-05  9.97681e-05
1774  9.80961e-05  9.80961e-05
1775  9.64315e-05  9.64315e-05
1776  9.47746e-05  9.47746e-05
1777  9.31254e-05  9.31254e-05
1778  9.14841e-05  9.14841e-05
1779  8.98507e-05  8.98507e-05
1780  8.82255e-05  8.82255e-05
1781  8.66086e-05  8.66086e-05
1782  8.5e-05  8.5e-05
1783  8.33998e-05  8.33998e-05
1784  8.18083e-05  8.18083e-05
1785  8.02255e-05  8.02255e-05
1786  7.86515e-05  7.86515e-05
1787  7.70865e-05  7.70865e-05
1788  7.55305e-05  7.55305e-05
1789  7.39837e-05  7.39837e-05
1790  7.24462e-05  7.24462e-05
1791  7.0918e-05  7.0918e-05
1792  6.93994e-05  6.93994e-05
1793  6.78903e-05  6.78903e-05
1794  6.63909e-05  6.63909e-05
1795  6.49013e-05  6.49013e-05
1796  6.34216e-05  6.34216e-05
1797  6.19519e-05  6.19519e-05
1798  6.04923e-05  6.04923e-05
1799  5.90429e-05  5.90429e-05
1800  5.76038e-05  5.76038e-05
1801  5.6175e-05  5.6175e-05
1802  5.47566e-05  5.47566e-05
1803  5.33488e-05  5.33488e-05
1804  5.19516e-05  5.19516e-05
1805  5.05651e-05  5.05651e-05
1806  4.91894e-05  4.91894e-05
1807  4.78246e-05  4.78246e-05
1808  4.64707e-05  4.64707e-05
1809  4.51278e-05  4.51278e-05
1810  4.3796e-05  4.3796e-05
1811  4.24754e-05  4.24754e-05
1812  4.11659e-05  4.11659e-05
1813  3.98678e-05  3.98678e-05
1814  3.8581e-05  3.8581e-05
1815  3.73057e-05  3.73057e-05
1816  3.60418e-05  3.60418e-05
1817  3.47894e-05  3.47894e-05
1818  3.35486e-05  3.35486e-05
1819  3.23195e-05  3.23195e-05
1820  3.1102e-05  3.1102e-05
1821  2.98963e-05  2.98963e-05
1822  2.87024e-05  2.87024e-05
1823  2.75203e-05  2.75203e-05
1824  2.63501e-05  2.63501e-05
1825  2.51917e-05  2.51917e-05
1826  2.40454e-05  2.40454e-05
1827  2.2911e-05  2.2911e-05
1828  2.17886e-05  2.17886e-05
1829  2.06783e-05  2.06783e-05
1830  1.95801e-05  1.95801e-05
1831  1.84939e-05  1.84939e-05
1832  1.74199e-05  1.74199e-05
1833  1.63581e-05  1.63581e-05
1834  1.53084e-05  1.53084e-05
1835  1.42709e-05  1.42709e-05
1836  1.32456e-05  1.32456e-05
1837  1.22326e-05  1.22326e-05
1838  1.12317e-05  1.12317e-05
1839  1.02432e-05  1.02432e-05
1840  9.26682e-06  9.26682e-06
1841  8.30274e-06  8.30274e-06
1842  7.35092e-06  7.35092e-06
1843  6.41136e-06  6.41136e-06
1844  5.48406e-06  5.48406e-06
1845  4.56902e-06  4.56902e-06
1846  3.66623e-06  3.66623e-06
1847  2.77569e-06  2.77569e-06
1848  1.89738e-06  1.89738e-06
1849  1.03131e-06  1.03131e-06
1850  1.77446e-07  1.77446e-07
1851  -6.64213e-07  -6.64213e-07
1852  -1.49369e-06  -1.49369e-06
1853  -2.31099e-06  -2.31099e-06
1854  -3.11615e-06  -3.11615e-06
1855  -3.90919e-06  -3.90919e-06
1856  -4.69012e-06  -4.69012e-06
1857  -5.45898e-06  -5.45898e-06
1858  -6.21579e-06  -6.21579e-06
1859  -6.96058e-06  -6.96058e-06
1860  -7.69337e-06  -7.69337e-06
1861  -8.41422e-06  -8.41422e-06
1862  -9.12313e-06  -9.12313e-06
1863  -9.82017e-06  -9.82017e-06
1864  -1.05054e-05  -1.05054e-05
1865  -1.11787e-05  -1.11787e-05
1866  -1.18403e-05  -1.18403e-05
1867  -1.24902e-05  -1.24902e-05
1868  -1.31284e-05  -1.31284e-05
1869  -1.3755e-05  -1.3755e-05
1870  -1.43699e-05  -1.43699e-05
1871  -1.49734e-05  -1.49734e-05
1872  -1.55653e-05  -1.55653e-05
1873  -1.61458e-05  -1.61458e-05
1874  -1.67149e-05  -1.67149e-05
1875  -1.72727e-05  -1.72727e-05
1876  -1.78192e-05  -1.78192e-05
1877  -1.83545e-05  -1.83545e-05
1878  -1.88787e-05  -1.88787e-05
1879  -1.93917e-05  -1.93917e-05
1880  -1.98937e-05  -1.98937e-05
1881  -2.03847e-05  -2.03847e-05
1882  -2.08648e-05  -2.08648e-05
1883  -2.13341e-05  -2.13341e-05
1884  -2.17926e-05  -2.17926e-05
1885  -2.22404e-05  -2.22404e-05
1886  -2.26776e-05  -2.26776e-05
1887  -2.31042e-05  -2.31042e-05
1888  -2.35202e-05  -2.35202e-05
1889  -2.39259e-05  -2.39259e-05
1890  -2.43212e-05  -2.43212e-05
1891  -2.47063e-05  -2.47063e-05
1892  -2.50811e-05  -2.50811e-05
1893  -2.54458e-05  -2.54458e-05
1894  -2.58005e-05  -2.58005e-05
1895  -2.61452e-05  -2.61452e-05
1896  -2.648e-05  -2.648e-05
1897  -2.6805e-05  -2.6805e-05
1898  -2.71203e-05  -2.71203e-05
1899  -2.74259e-05  -2.74259e-05
1900  -2.7722e-05  -2.7722e-05
1901  -2.80086e-05  -2.80086e-05
1902  -2.82858e-05  -2.82858e-05
1903  -2.85537e-05  -2.85537e-05
1904  -2.88123e-05  -2.88123e-05
1905  -2.90619e-05  -2.90619e-05
1906  -2.93024e-05  -2.93024e-05
1907  -2.9534e-05  -2.9534e-05
1908  -2.97566e-05  -2.97566e-05
1909  -2.99706e-05  -2.99706e-05
1910  -3.01758e-05  -3.01758e-05
1911  -3.03724e-05  -3.03724e-05
1912  -3.05605e-05  -3.05605e-05
1913  -3.07402e-05  -3.07402e-05
1914  -3.09116e-05  -3.09116e-05
1915  -3.10748e-05  -3.10748e-05
1916  -3.12298e-05  -3.12298e-05
1917  -3.13768e-05  -3.13768e-05
1918  -3.15158e-05  -3.15158e-05
1919  -3.1647e-05  -3.1647e-05
1920  -3.17704e-05  -3.17704e-05
1921  -3.18861e-05  -3.18861e-05
1922  -3.19943e-05  -3.19943e-05
1923  -3.2095e-05  -3.2095e-05
1924  -3.21883e-05  -3.21883e-05
1925  -3.22744e-05  -3.22744e-05
1926  -3.23532e-05  -3.23532e-05
1927  -3.2425e-05  -3.2425e-05
1928  -3.24898e-05  -3.24898e-05
1929  -3.25476e-05  -3.25476e-05
1930  -3.25987e-05  -3.25987e-05
1931  -3.2643e-05  -3.2643e-05
1932  -3.26808e-05  -3.26808e-05
1933  -3.2712e-05  -3.2712e-05
1934  -3.27368e-05  -3.27368e-05
1935  -3.27553e-05  -3.27553e-05
1936  -3.27675e-05  -3.27675e-05
1937  -3.27737e-05  -3.27737e-05
1938  -3.27737e-05  -3.27737e-05
1939  -3.27679e-05  -3.27679e-05
1940  -3.27562e-05  -3.27562e-05
1941  -3.27387e-05  -3.27387e-05
1942  -3.27156e-05  -3.27156e-05
1943  -3.26869e-05  -3.26869e-05
1944  -3.26528e-05  -3.26528e-05
1945  -3.26133e-05  -3.26133e-05
1946  -3.25685e-05  -3.25685e-05
1947  -3.25185e-05  -3.25185e-05
1948  -3.24634e-05  -3.24634e-05
1949  -3.24033e-05  -3.24033e-05
1950  -3.23383e-05  -3.23383e-05
1951  -3.22685e-05  -3.22685e-05
1952  -3.2194e-05  -3.2194e-05
1953  -3.21149e-05  -3.21149e-05
1954  -3.20312e-05  -3.20312e-05
1955  -3.1943e-05  -3.1943e-05
1956  -3.18505e-05  -3.18505e-05
1957  -3.17537e-05  -3.17537e-05
1958  -3.16528e-05  -3.16528e-05
1959  -3.15477e-05  -3.15477e-05
1960  -3.14386e-05  -3.14386e-05
1961  -3.13257e-05  -3.13257e-05
1962  -3.12088e-05  -3.12088e-05
1963  -3.10883e-05  -3.10883e-05
1964  -3.09641e-05  -3.09641e-05
1965  -3.08363e-05  -3.08363e-05
1966  -3.0705e-05  -3.0705e-05
1967  -3.05703e-05  -3.05703e-05
1968  -3.04322e-05  -3.04322e-05
1969  -3.0291e-05  -3.0291e-05
1970  -3.01466e-05  -3.01466e-05
1971  -2.99991e-05  -2.99991e-05
1972  -2.98486e-05  -2.98486e-05
1973  -2.96951e-05  -2.96951e-05
1974  -2.95389e-05  -2.95389e-05
1975  -2.93799e-05  -2.93799e-05
1976  -2.92182e-05  -2.92182e-05
1977  -2.90539e-05  -2.90539e-05
1978  -2.88871e-05  -2.88871e-05
1979  -2.87178e-05  -2.87178e-05
1980  -2.85461e-05  -2.85461e-05
1981  -2.83722e-05  -2.83722e-05
1982  -2.8196e-05  -2.8196e-05
1983  -2.80176e-05  -2.80176e-05
1984  -2.78372e-05  -2.78372e-05
1985  -2.76548e-05  -2.76548e-05
1986  -2.74704e-05  -2.74704e-05
1987  -2.72842e-05  -2.72842e-05
1988  -2.70961e-05  -2.70961e-05
1989  -2.69063e-05  -2.69063e-05
1990  -2.67149e-05  -2.67149e-05
1991  -2.65218e-05  -2.65218e-05
1992  -2.63273e-05  -2.63273e-05
1993  -2.61312e-05  -2.61312e-05
1994  -2.59338e-05  -2.59338e-05
1995  -2.5735e-05  -2.5735e-05
1996  -2.55349e-05  -2.55349e-05
1997  -2.53337e-05  -2.53337e-05
1998  -2.51312e-05  -2.51312e-05
1999  -2.49277e-05  -2.49277e-05
2000  -2.47232e-05  -2.47232e-05
2001  -2.45176e-05  -2.45176e-05
2002  -2.43112e-05  -2.43112e-05
2003  -2.41039e-05  -2.41039e-05
2004  -2.38958e-05  -2.38958e-05
2005  -2.3687e-05  -2.3687e-05
2006  -2.34775e-05  -2.34775e-05
2007  -2.32673e-05  -2.32673e-05
2008  -2.30566e-05  -2.30566e-05
2009  -2.28453e-05  -2.28453e-05
2010  -2.26336e-05  -2.26336e-05
2011  -2.24214e-05  -2.24214e-05
2012  -2.22089e-05  -2.22089e-05
2013  -2.19961e-05  -2.19961e-05
2014  -2.17829e-05  -2.17829e-05
2015  -2.15696e-05  -2.15696e-05
2016  -2.1356e-05  -2.1356e-05
2017  -2.11424e-05  -2.11424e-05
2018  -2.09286e-05  -2.09286e-05
2019  -2.07148e-05  -2.07148e-05
2020  -2.0501e-05  -2.0501e-05
2021  -2.02872e-05  -2.02872e-05
2022  -2.00736e-05  -2.00736e-05
2023  -1.986e-05  -1.986e-05
2024  -1.96467e-05  -1.96467e-05
2025  -1.94335e-05  -1.94335e-05
2026  -1.92206e-05  -1.92206e-05
2027  -1.9008e-05  -1.9008e-05
2028  -1.87958e-05  -1.87958e-05
2029  -1.85838e-05  -1.85838e-05
2030  -1.83723e-05  -1.83723e-05
2031  -1.81613e-05  -1.81613e-05
2032  -1.79507e-05  -1.79507e-05
2033  -1.77406e-05  -1.77406e-05
2034  -1.7531e-05  -1.7531e-05
2035  -1.73221e-05  -1.73221e-05
2036  -1.71137e-05  -1.71137e-05
2037  -1.6906e-05  -1.6906e-05
2038  -1.6699e-05  -1.6699e-05
2039  -1.64926e-05  -1.64926e-05
2040  -1.6287e-05  -1.6287e-05
2041  -1.60821e-05  -1.60821e-05
2042  -1.58781e-05  -1.58781e-05
2043  -1.56748e-05  -1.56748e-05
2044  -1.54724e-05  -1.54724e-05
2045  -1.52709e-05  -1.52709e-05
2046  -1.50703e-05  -1.50703e-05
2047  -1.48705e-05  -1.48705e-05
2048  -1.46718e-05  -1.46718e-05
2049  -1.44739e-05  -1.44739e-05
2050  -1.42771e-05  -1.42771e-05
2051  -1.40813e-05  -1.40813e-05
2052  -1.38865e-05  -1.38865e-05
2053  -1.36928e-05  -1.36928e-05
2054  -1.35002e-05  -1.35002e-05
2055  -1.33087e-05  -1.33087e-05
2056  -1.31182e-05  -1.31182e-05
2057  -1.29289e-05  -1.29289e-05
2058  -1.27408e-05  -1.27408e-05
2059  -1.25538e-05  -1.25538e-05
2060  -1.2368e-05  -1.2368e-05
2061  -1.21835e-05  -1.21835e-05
2062  -1.20001e-05  -1.20001e-05
2063  -1.1818e-05  -1.1818e-05
2064  -1.16371e-05  -1.16371e-05
2065  -1.14575e-05  -1.14575e-05
2066  -1.12792e-05  -1.12792e-05
2067  -1.11021e-05  -1.11021e-05
2068  -1.09264e-05  -1.09264e-05
2069  -1.07519e-05  -1.07519e-05
2070  -1.05788e-05  -1.05788e-05
2071  -1.04071e-05  -1.04071e-05
2072  -1.02367e-05  -1.02367e-05
2073  -1.00676e-05  -1.00676e-05
2074  -9.89992e-06  -9.89992e-06
2075  -9.73361e-06  -9.73361e-06
2076  -9.56869e-06  -9.56869e-06
2077  -9.40515e-06  -9.40515e-06
2078  -9.24302e-06  -9.24302e-06
2079  -9.0823e-06  -9.0823e-06
2080  -8.92299e-06  -8.92299e-06
2081  -8.76511e-06  -8.76511e-06
2082  -8.60865e-06  -8.60865e-06
2083  -8.45363e-06  -8.45363e-06
2084  -8.30004e-06  -8.30004e-06
2085  -8.14789e-06  -8.14789e-06
2086  -7.9972e-06  -7.9972e-06
2087  -7.84795e-06  -7.84795e-06
2088  -7.70016e-06  -7.70016e-06
2089  -7.55382e-06  -7.55382e-06
2090  -7.40895e-06  -7.40895e-06
2091  -7.26554e-06  -7.26554e-06
2092  -7.12359e-06  -7.12359e-06
2093  -6.9831e-06  -6.9831e-06
2094  -6.84409e-06  -6.84409e-06
2095  -6.70654e-06  -6.70654e-06
2096  -6.57046e-06  -6.57046e-06
2097  -6.43585e-06  -6.43585e-06
2098  -6.30271e-06  -6.30271e-06
2099  -6.17103e-06  -6.17103e-06
2100  -6.04082e-06  -6.04082e-06
2101  -5.91208e-06  -5.91208e-06
2102  -5.7848e-06  -5.7848e-06
2103  -5.65898e-06  -5.65898e-06
2104  -5.53463e-06  -5.53463e-06
2105  -5.41173e-06  -5.41173e-06
2106  -5.29029e-06  -5.29029e-06
2107  -5.1703e-06  -5.1703e-06
2108  -5.05176e-06  -5.05176e-06
2109  -4.93467e-06  -4.93467e-06
2110  -4.81902e-06  -4.81902e-06
2111  -4.70481e-06  -4.70481e-06
2112  -4.59203e-06  -4.59203e-06
2113  -4.48069e-06  -4.48069e-06
2114  -4.37076e-06  -4.37076e-06
2115  -4.26226e-06  -4.26226e-06
2116  -4.15518e-06  -4.15518e-06
2117  -4.0495e-06  -4.0495e-06
2118  -3.94523e-06  -3.94523e-06
2119  -3.84235e-06  -3.84235e-06
2120  -3.74087e-06  -3.74087e-06
2121  -3.64078e-06  -3.64078e-06
2122  -3.54206e-06  -3.54206e-06
2123  -3.44472e-06  -3.44472e-06
2124  -3.34875e-06  -3.34875e-06
2125  -3.25413e-06  -3.25413e-06
2126  -3.16087e-06  -3.16087e-06
2127  -3.06895e-06  -3.06895e-06
2128  -2.97837e-06  -2.97837e-06
2129  -2.88913e-06  -2.88913e-06
2130  -2.8012e-06  -2.8012e-06
2131  -2.71459e-06  -2.71459e-06
2132  -2.62928e-06  -2.62928e-06
2133  -2.54528e-06  -2.54528e-06
2134  -2.46256e-06  -2.46256e-06
2135  -2.38113e-06  -2.38113e-06
2136  -2.30096e-06  -2.30096e-06
2137  -2.22207e-06  -2.22207e-06
2138  -2.14442e-06  -2.14442e-06
2139  -2.06803e-06  -2.06803e-06
2140  -1.99287e-06  -1.99287e-06
